<?xml version="1.0" encoding="UTF-8"?>
<!-- Generated by org.testng.reporters.JUnitReportReporter -->
<testsuite hostname="LAPTOP-TQ4CE2AS" failures="0" tests="2" name="tests.Testing2" time="0.000" errors="0" timestamp="2021-11-14T13:00:42 EST" skipped="0">
  <testcase classname="tests.Testing2" name="test5" time="0.000"/>
  <system-out/>
  <testcase classname="tests.Testing2" name="test4" time="0.000"/>
  <system-out/>
</testsuite> <!-- tests.Testing2 -->
