<?xml version="1.0" encoding="UTF-8"?>
<!-- Generated by org.testng.reporters.JUnitReportReporter -->
<testsuite hostname="LAPTOP-TQ4CE2AS" failures="0" tests="1" name="tests.AppTest" time="0.006" errors="0" timestamp="2021-11-14T13:00:42 EST" skipped="0">
  <testcase classname="tests.AppTest" name="shouldAnswerWithTrue" time="0.006"/>
  <system-out/>
</testsuite> <!-- tests.AppTest -->
