<?xml version="1.0" encoding="UTF-8"?>
<!-- Generated by org.testng.reporters.JUnitReportReporter -->
<testsuite hostname="LAPTOP-TQ4CE2AS" failures="0" tests="6" name="tests.Testing1" time="0.011" errors="0" timestamp="2021-11-14T12:51:38 EST" skipped="0">
  <testcase classname="tests.Testing1" name="abc" time="0.004"/>
  <system-out/>
  <testcase classname="tests.Testing1" name="login" time="0.001"/>
  <system-out/>
  <testcase classname="tests.Testing1" name="test2" time="0.001"/>
  <system-out/>
  <testcase classname="tests.Testing1" name="login" time="0.002"/>
  <system-out/>
  <testcase classname="tests.Testing1" name="abc" time="0.002"/>
  <system-out/>
  <testcase classname="tests.Testing1" name="test3" time="0.001"/>
  <system-out/>
</testsuite> <!-- tests.Testing1 -->
